C51 COMPILER V9.60.0.0   LCD1602                                                           07/05/2025 14:20:48 PAGE 1   


C51 COMPILER V9.60.0.0, COMPILATION OF MODULE LCD1602
OBJECT MODULE PLACED IN .\Objects\LCD1602.obj
COMPILER INVOKED BY: E:\Program\Keil5\C51\BIN\C51.EXE LCD1602.c OPTIMIZE(8,SPEED) BROWSE DEBUG OBJECTEXTEND PRINT(.\List
                    -ings\LCD1602.lst) OBJECT(.\Objects\LCD1602.obj)

line level    source

   1          #include "LCD1602.h"
   2          
   3          /**
   4            * @name    Lcd1602_Delay1ms
   5            * @brief   延时函数，延时1ms
   6            * @param   : [输入/出] 
   7            * @retval  返回值
   8            */
   9          void Lcd1602_Delay1ms(unsigned int c)   //误差 0us
  10          {
  11   1          unsigned char a,b;
  12   1              for (; c>0; c--)
  13   1              {
  14   2                       for (b=199;b>0;b--)
  15   2                       {
  16   3                              for(a=1;a>0;a--);
  17   3                       }      
  18   2              }
  19   1              
  20   1      }
  21          /**
  22            * @name    LcdWriteCom
  23            * @brief   向LCD写入一个字节的命令
  24            * @param   com
  25            * @retval  返回值
  26            */
  27          void LcdWriteCom(unsigned char com)       //写入命令
  28          {
  29   1              Lcd1602_Delay1ms(1);
  30   1              LCD1602_E = 0;     //使能
  31   1              LCD1602_RS = 0;    //选择发送命令
  32   1              LCD1602_RW = 0;    //选择写入
  33   1              
  34   1              LCD1602_DATAPINS = com;     //放入命令
  35   1      //      Lcd1602_Delay1ms(1);            //等待数据稳定
  36   1      
  37   1              LCD1602_E = 1;            //写入时序
  38   1      //      Lcd1602_Delay1ms(5);      //保持时间
  39   1              LCD1602_E = 0;
  40   1      }
  41          /**
  42            * @name    LcdWriteData
  43            * @brief   向LCD写入一个字节的数据
  44            * @param   dat
  45            * @retval  返回值
  46            */
  47          void LcdWriteData(unsigned char dat)                    //写入数据
  48          {
  49   1              Lcd1602_Delay1ms(1);
  50   1              LCD1602_E = 0;  //使能清零
  51   1              LCD1602_RS = 1; //选择输入数据
  52   1              LCD1602_RW = 0; //选择写入
  53   1      
  54   1              LCD1602_DATAPINS = dat; //写入数据
C51 COMPILER V9.60.0.0   LCD1602                                                           07/05/2025 14:20:48 PAGE 2   

  55   1      //      Lcd1602_Delay1ms(1);
  56   1      
  57   1              LCD1602_E = 1;   //写入时序
  58   1      //      Lcd1602_Delay1ms(5);   //保持时间
  59   1              LCD1602_E = 0;
  60   1      }       
  61          /**
  62            * @name    LcdInit
  63            * @brief   初始化LCD屏
  64            * @param   无
  65            * @retval  返回值
  66            */
  67          void LcdInit()                                            //LCD初始化子程序
  68          {
  69   1              LcdWriteCom(0x38);  //开显示
  70   1              LcdWriteCom(0x0c);  //开显示不显示光标
  71   1              LcdWriteCom(0x06);  //写一个指针加1
  72   1              LcdWriteCom(0x01);  //清屏
  73   1              LcdWriteCom(0x80);  //设置数据指针起点
  74   1      }       
  75          /**
  76            * @name    LcdSetCursor
  77            * @brief   设置显示 RAM 起始地址，亦即光标位置，(x,y)-对应屏幕上的字符坐标
  78            * @param   x y
  79            * @retval  返回值
  80            */
  81          void LcdSetCursor(unsigned char x, unsigned char y)
  82          {
  83   1              unsigned char addr;
  84   1      
  85   1              if (y == 0) //由输入的屏幕坐标计算显示 RAM 的地址
  86   1                      addr = 0x00 + x; //第一行字符地址从 0x00 起始
  87   1              else
  88   1                      addr = 0x40 + x; //第二行字符地址从 0x40 起始
  89   1              LcdWriteCom(addr | 0x80); //设置 RAM 地址
  90   1      }
  91          /**
  92            * @name    LcdShowStr
  93            * @brief   在液晶上显示字符串，(x,y)-对应屏幕上的起始坐标，str-字符串指针
  94            * @param   x y str
  95            * @retval  返回值
  96            */
  97          void LcdShowStr(unsigned char x, unsigned char y, unsigned char *str)
  98          {
  99   1              LcdSetCursor(x, y); //设置起始地址
 100   1              while (*str != '\0') //连续写入字符串数据，直到检测到结束符
 101   1              {
 102   2                      LcdWriteData(*str++); //先取 str 指向的数据，然后 str 自加 1
 103   2              }
 104   1      }


MODULE INFORMATION:   STATIC OVERLAYABLE
   CODE SIZE        =    168    ----
   CONSTANT SIZE    =   ----    ----
   XDATA SIZE       =   ----    ----
   PDATA SIZE       =   ----    ----
   DATA SIZE        =   ----       3
   IDATA SIZE       =   ----    ----
   BIT SIZE         =   ----    ----
END OF MODULE INFORMATION.


C51 COMPILATION COMPLETE.  0 WARNING(S),  0 ERROR(S)
